<?xml version="1.0" encoding="UTF-8"?>
<testsuite name="test.java.com.testrunner.RunnersTest" time="0.004" tests="8" errors="0" skipped="0" failures="0">
  <properties>
[...]
</properties>
  <testcase name="Given DVLA Url" classname="Scenario: Login to DVLA" time="0.001"/>
  <testcase name="When you click on Startnow button" classname="Scenario: Login to DVLA" time="0.002"/>
  <testcase name="Then it will redirect to Enter the registration number of the vehicle page" classname="Scenario: Login to DVLA" time="0"/>
  <testcase name="Given Excel file to read Vehicle details" classname="Scenario: Login to DVLA" time="0"/>
  <testcase name="When you enter Vehicle number and Click on Continue button" classname="Scenario: Login to DVLA" time="0"/>
  <testcase name="Then it will navigate to Vehicle Information page" classname="Scenario: Login to DVLA" time="0"/>
  <testcase name="And displays necessary Vehicle details" classname="Scenario: Login to DVLA" time="0"/>
  <testcase name="Scenario: Login to DVLA" classname="Scenario: Login to DVLA" time="0.001"/>
</testsuite>